2026-06-16 15:33:43.886 [info] Extension host with pid 4104 started
2026-06-16 15:33:43.886 [info] Skipping acquiring lock for c:\...ñ\2026-ia24-prog2\.data\vscode\user\User\workspaceStorage\58babd815e30d5963b4897c5304e8150.
2026-06-16 15:33:43.972 [info] ExtensionService#_doActivateExtension vscode.github-authentication, startup: false, activationEvent: 'onAuthenticationRequest:github'
2026-06-16 15:33:43.990 [info] ExtensionService#_doActivateExtension vscode.emmet, startup: false, activationEvent: 'onLanguage'
2026-06-16 15:33:44.029 [info] ExtensionService#_doActivateExtension vscode.git-base, startup: true, activationEvent: '*', root cause: vscode.git
2026-06-16 15:33:44.033 [info] ExtensionService#_doActivateExtension vscode.npm, startup: true, activationEvent: 'workspaceContains:package.json'
2026-06-16 15:33:44.065 [info] ExtensionService#_doActivateExtension vscode.git, startup: true, activationEvent: '*'
2026-06-16 15:33:44.102 [info] ExtensionService#_doActivateExtension vscode.github, startup: true, activationEvent: '*'
2026-06-16 15:33:44.182 [info] Eager extensions activated
2026-06-16 15:33:44.188 [info] ExtensionService#_doActivateExtension vscode.debug-auto-launch, startup: false, activationEvent: 'onStartupFinished'
2026-06-16 15:33:44.191 [info] ExtensionService#_doActivateExtension vscode.merge-conflict, startup: false, activationEvent: 'onStartupFinished'
2026-06-16 15:33:46.283 [info] Extension host terminating: received terminate message from renderer
2026-06-16 15:33:46.313 [error] ProxyResolver#resolveProxy undefined Canceled: Canceled
	at new nx (file:///c:/Users/Professor/AppData/Local/Programs/Microsoft%20VS%20Code/6928394f91/resources/app/out/vs/workbench/api/node/extensionHostProcess.js:435:151812)
	at i._remoteCall (file:///c:/Users/Professor/AppData/Local/Programs/Microsoft%20VS%20Code/6928394f91/resources/app/out/vs/workbench/api/node/extensionHostProcess.js:435:157864)
	at r.<computed>.s.charCodeAt.r.<computed> (file:///c:/Users/Professor/AppData/Local/Programs/Microsoft%20VS%20Code/6928394f91/resources/app/out/vs/workbench/api/node/extensionHostProcess.js:435:154659)
	at ug.resolveProxy (file:///c:/Users/Professor/AppData/Local/Programs/Microsoft%20VS%20Code/6928394f91/resources/app/out/vs/workbench/api/node/extensionHostProcess.js:533:81609)
	at Object.resolveProxy (file:///c:/Users/Professor/AppData/Local/Programs/Microsoft%20VS%20Code/6928394f91/resources/app/out/vs/workbench/api/node/extensionHostProcess.js:675:24976)
	at useProxySettings (c:\Users\Professor\AppData\Local\Programs\Microsoft VS Code\6928394f91\resources\app\node_modules\@vscode\proxy-agent\out\index.js:208:16)
	at c:\Users\Professor\AppData\Local\Programs\Microsoft VS Code\6928394f91\resources\app\node_modules\@vscode\proxy-agent\out\index.js:145:13
	at c:\Users\Professor\AppData\Local\Programs\Microsoft VS Code\6928394f91\resources\app\node_modules\@vscode\proxy-agent\out\index.js:1054:13 
2026-06-16 15:33:46.314 [info] Extension host with pid 4104 exiting with code 0
