2026-06-16 15:34:00.917 [info] Extension host with pid 16096 started
2026-06-16 15:34:00.917 [info] Skipping acquiring lock for c:\...ñ\2026-ia24-prog2\.data\vscode\user\User\workspaceStorage\58babd815e30d5963b4897c5304e8150.
2026-06-16 15:34:00.962 [info] ExtensionService#_doActivateExtension vscode.github-authentication, startup: false, activationEvent: 'onAuthenticationRequest:github'
2026-06-16 15:34:00.982 [info] ExtensionService#_doActivateExtension vscode.emmet, startup: false, activationEvent: 'onLanguage'
2026-06-16 15:34:01.046 [info] ExtensionService#_doActivateExtension vscode.git-base, startup: true, activationEvent: '*', root cause: vscode.git
2026-06-16 15:34:01.051 [info] ExtensionService#_doActivateExtension vscode.npm, startup: true, activationEvent: 'workspaceContains:package.json'
2026-06-16 15:34:01.071 [info] ExtensionService#_doActivateExtension vscode.git, startup: true, activationEvent: '*'
2026-06-16 15:34:01.108 [info] ExtensionService#_doActivateExtension vscode.github, startup: true, activationEvent: '*'
2026-06-16 15:34:01.190 [info] Eager extensions activated
2026-06-16 15:34:01.194 [info] ExtensionService#_doActivateExtension vscode.debug-auto-launch, startup: false, activationEvent: 'onStartupFinished'
2026-06-16 15:34:01.197 [info] ExtensionService#_doActivateExtension vscode.merge-conflict, startup: false, activationEvent: 'onStartupFinished'
2026-06-16 15:34:03.064 [info] Extension host terminating: received terminate message from renderer
2026-06-16 15:34:03.090 [error] ProxyResolver#resolveProxy undefined Canceled: Canceled
	at new nx (file:///c:/Users/Professor/AppData/Local/Programs/Microsoft%20VS%20Code/6928394f91/resources/app/out/vs/workbench/api/node/extensionHostProcess.js:435:151812)
	at i._remoteCall (file:///c:/Users/Professor/AppData/Local/Programs/Microsoft%20VS%20Code/6928394f91/resources/app/out/vs/workbench/api/node/extensionHostProcess.js:435:157864)
	at r.<computed>.s.charCodeAt.r.<computed> (file:///c:/Users/Professor/AppData/Local/Programs/Microsoft%20VS%20Code/6928394f91/resources/app/out/vs/workbench/api/node/extensionHostProcess.js:435:154659)
	at ug.resolveProxy (file:///c:/Users/Professor/AppData/Local/Programs/Microsoft%20VS%20Code/6928394f91/resources/app/out/vs/workbench/api/node/extensionHostProcess.js:533:81609)
	at Object.resolveProxy (file:///c:/Users/Professor/AppData/Local/Programs/Microsoft%20VS%20Code/6928394f91/resources/app/out/vs/workbench/api/node/extensionHostProcess.js:675:24976)
	at useProxySettings (c:\Users\Professor\AppData\Local\Programs\Microsoft VS Code\6928394f91\resources\app\node_modules\@vscode\proxy-agent\out\index.js:208:16)
	at c:\Users\Professor\AppData\Local\Programs\Microsoft VS Code\6928394f91\resources\app\node_modules\@vscode\proxy-agent\out\index.js:145:13
	at c:\Users\Professor\AppData\Local\Programs\Microsoft VS Code\6928394f91\resources\app\node_modules\@vscode\proxy-agent\out\index.js:1054:13 
2026-06-16 15:34:03.090 [info] Extension host with pid 16096 exiting with code 0
